C51 COMPILER V9.03   DOOR_LOCK                                                             05/25/2018 13:52:39 PAGE 1   


C51 COMPILER V9.03, COMPILATION OF MODULE DOOR_LOCK
OBJECT MODULE PLACED IN door_lock.OBJ
COMPILER INVOKED BY: C:\Keil\C51\BIN\C51.EXE door_lock.c BROWSE DEBUG OBJECTEXTEND TABS(2)

line level    source

   1          #include<reg51.h>
   2          #include<string.h>
   3          #define LCDdata P2
   4          sbit LCDrs=P1^0;
   5          sbit LCDrw=P1^1;
   6          sbit LCDen=P1^2;
   7          sbit m1=P1^3;
   8          sbit m2=P1^4;
   9          const char pass[]="12345";
  10          char num[4];
  11          int i;
  12          sbit col1=P3^6;
  13          sbit col2=P3^5;
  14          sbit col3=P3^4;
  15          sbit row1=P3^3;
  16          sbit row2=P3^2;
  17          sbit row3=P3^1;
  18          sbit row4=P3^0;
  19          void delay(unsigned int rtime)
  20          {
  21   1        unsigned int r,s;
  22   1        for(r=0;r<rtime;r++)
  23   1        for(s=0;s<1275;s++);
  24   1      }
  25          void lcd_cmd(unsigned char DATA)
  26          {
  27   1        LCDrs=0;
  28   1        LCDrw=0;
  29   1        LCDen=1;
  30   1        LCDdata=DATA;
  31   1        LCDen=0;
  32   1      }
  33          void lcd_data(unsigned int DATA)
  34          {
  35   1        LCDrs=1;
  36   1        LCDrw=0;
  37   1        LCDen=1;
  38   1        LCDdata=DATA;
  39   1        LCDen=0;
  40   1      }
  41          void initialize(void)
  42          {
  43   1        lcd_cmd(0x30);       //1 line 5*7 matrix
  44   1        delay(1);
  45   1        lcd_cmd(0x38);       //2 line 5*7 matrix
  46   1        delay(1);
  47   1        lcd_cmd(0x0c);       // display on cursor off
  48   1        delay(1);
  49   1        lcd_cmd(0x01);       //clear display screem
  50   1        delay(1);
  51   1        lcd_cmd(0x10);       //shift curspr to right
  52   1        delay(1);
  53   1      }
  54          void display_string(unsigned char *d)
  55          {
C51 COMPILER V9.03   DOOR_LOCK                                                             05/25/2018 13:52:39 PAGE 2   

  56   1        while(*d)
  57   1        {
  58   2          lcd_data(*d++);
  59   2          delay(1);
  60   2        }
  61   1      }
  62          void check_col1(int i)
  63          {
  64   1        row1=row2=row3=row4=1;
  65   1        row1=0;
  66   1        if(col1==0)
  67   1          num[i]='1';
  68   1        
  69   1        row1=1;
  70   1        row2=0;
  71   1        if(col1==0)
  72   1          num[i]='4';
  73   1      
  74   1        row2=1;
  75   1        row3=0;
  76   1        if(col1==0)
  77   1          num[i]='7';
  78   1        
  79   1        row3=1;
  80   1        row4=0;
  81   1        if(col1==0)
  82   1          num[i]='*';
  83   1        
  84   1        row4=1;
  85   1        
  86   1      }
  87          void check_col2(int i)
  88          {
  89   1        row1=row2=row3=row4=1;
  90   1        row1=0;
  91   1        if(col2==0)
  92   1          num[i]='2';
  93   1        
  94   1        row1=1;
  95   1        row2=0;
  96   1        if(col2==0)
  97   1          num[i]='5';
  98   1        
  99   1        row2=1;
 100   1        row3=0;
 101   1        if(col2==0)
 102   1          num[i]='8';
 103   1        
 104   1        row3=1;
 105   1        row4=0;
 106   1        if(col2==0)
 107   1          num[i]='0';
 108   1        
 109   1        row4=1;
 110   1      }
 111          void check_col3(int i)
 112          {
 113   1        row1=row2=row3=row4=1;
 114   1        row1=0;
 115   1        if(col3==0)
 116   1          num[i]='3';
 117   1        
C51 COMPILER V9.03   DOOR_LOCK                                                             05/25/2018 13:52:39 PAGE 3   

 118   1        row1=1;
 119   1        row2=0;
 120   1        if(col3==0)
 121   1          num[i]='6';
 122   1        
 123   1        row2=1;
 124   1        row3=0;
 125   1        if(col3==0)
 126   1          num[i]='9';
 127   1        
 128   1        row3=1;
 129   1        row4=0;
 130   1        if(col3==0)
 131   1          num[i]='#';
 132   1        
 133   1        row4=1;
 134   1      }
 135          void keypad()
 136          {
 137   1        while(i<5)
 138   1        {
 139   2          
 140   2          row1=row2=row3=row4=0;
 141   2          if(col1==0)
 142   2          {
 143   3            
 144   3            
 145   3            display_string("*");
 146   3            
 147   3            check_col1(i);
 148   3            delay(100);
 149   3            i++;
 150   3          }
 151   2          else if(col2==0)
 152   2          {
 153   3            
 154   3            delay(1);
 155   3            
 156   3            display_string("*");
 157   3            check_col2(i);
 158   3            delay(100);
 159   3            i++;
 160   3          }
 161   2          else if(col3==0)
 162   2          {
 163   3            
 164   3            delay(1);
 165   3            display_string("*");
 166   3            check_col3(i);
 167   3            delay(100);
 168   3            i++;
 169   3          }
 170   2        }
 171   1      }
 172          void main()
 173          {
 174   1        unsigned int x=0;
 175   1        initialize();
 176   1        lcd_cmd(0x80);
 177   1        delay(1);
 178   1        display_string("Door Locked");
 179   1        
C51 COMPILER V9.03   DOOR_LOCK                                                             05/25/2018 13:52:39 PAGE 4   

 180   1        col1=col2=col3=1; //input port
 181   1        lcd_cmd(0xc0);
 182   1        keypad();
 183   1        
 184   1        
 185   1        if(pass[0]==num[0] && pass[1]==num[1] && pass[2]==num[2] && pass[3]==num[3] && pass[4]==num[4])
 186   1        {
 187   2          
 188   2          lcd_cmd(0x80);
 189   2          delay(1);
 190   2          display_string("Door unlocked");
 191   2          delay(100);
 192   2          m1=0;
 193   2          m2=1;
 194   2          
 195   2        }
 196   1        else
 197   1        {
 198   2          lcd_cmd(0xc0);
 199   2          delay(1);
 200   2          display_string("wrong password");
 201   2          delay(100);
 202   2        }
 203   1        while(1);
 204   1      }
 205          


MODULE INFORMATION:   STATIC OVERLAYABLE
   CODE SIZE        =    567    ----
   CONSTANT SIZE    =     43    ----
   XDATA SIZE       =   ----    ----
   PDATA SIZE       =   ----    ----
   DATA SIZE        =     12       5
   IDATA SIZE       =   ----    ----
   BIT SIZE         =   ----    ----
END OF MODULE INFORMATION.


C51 COMPILATION COMPLETE.  0 WARNING(S),  0 ERROR(S)
